\BOOKMARK [1][-]{section.1}{\376\377\213\376\172\013\173\200\116\313\124\214\200\003\150\070\145\271\137\017}{}% 1
\BOOKMARK [2][-]{subsection.1.1}{\376\377\123\206\123\362}{section.1}% 2
\BOOKMARK [1][-]{section.2}{\376\377\236\316\146\374\155\101\137\142\116\016\137\040\221\317\127\372\170\100\144\315\117\134}{}% 3
\BOOKMARK [2][-]{subsection.2.1}{\376\377\236\316\146\374\155\101\137\142\133\232\116\111}{section.2}% 4
\BOOKMARK [2][-]{subsection.2.2}{\376\377\117\123\171\357\137\142\137\017}{section.2}% 5
\BOOKMARK [2][-]{subsection.2.3}{\376\377\177\244\116\016\236\316\146\374\155\101\137\142}{section.2}% 6
\BOOKMARK [2][-]{subsection.2.4}{\376\377\137\040\221\317\173\200\116\313}{section.2}% 7
\BOOKMARK [1][-]{section.3}{\376\377\137\256\122\006}{}% 8
\BOOKMARK [2][-]{subsection.3.1}{\376\377\000L\000i\000e\137\256\122\006}{section.3}% 9
\BOOKMARK [3][-]{subsubsection.3.1.1}{\376\377\000L\000i\000e\137\256\122\006\166\204\133\232\116\111}{subsection.3.1}% 10
\BOOKMARK [3][-]{subsubsection.3.1.2}{\376\377\147\116\133\374\145\160\116\016\136\246\221\317}{subsection.3.1}% 11
\BOOKMARK [2][-]{subsection.3.2}{\376\377\200\124\176\334}{section.3}% 12
\BOOKMARK [2][-]{subsection.3.3}{\376\377\236\316\146\374\155\101\137\142\127\372\147\054\133\232\164\006}{section.3}% 13
\BOOKMARK [2][-]{subsection.3.4}{\376\377\136\163\210\114\171\373\122\250}{section.3}% 14
\BOOKMARK [1][-]{section.4}{\376\377\146\362\163\207}{}% 15
\BOOKMARK [1][-]{section.5}{\376\377\155\113\127\060\176\277}{}% 16
\BOOKMARK [2][-]{subsection.5.1}{\376\377\143\007\145\160\146\040\134\004}{section.5}% 17
\BOOKMARK [2][-]{subsection.5.2}{\376\377\133\214\131\007\140\047\000:\136\246\221\317\133\214\131\007\116\016\155\113\127\060\176\277\133\214\131\007}{section.5}% 18
\BOOKMARK [2][-]{subsection.5.3}{}{section.5}% 19
\BOOKMARK [2][-]{subsection.5.4}{\376\377\000J\000a\000c\000o\000b\000b\000i\127\072}{section.5}% 20
\BOOKMARK [2][-]{subsection.5.5}{\376\377\136\070\146\362\163\207\172\172\225\364\000J\000a\000c\000o\000b\000i\127\072\145\271\172\013\166\204\211\343}{section.5}% 21
\BOOKMARK [2][-]{subsection.5.6}{\376\377\116\214\153\041\123\330\122\006\121\154\137\017\123\312\121\166\136\224\165\050}{section.5}% 22
\BOOKMARK [3][-]{subsubsection.5.6.1}{\376\377\173\054\116\214\123\330\122\006\121\154\137\017\166\204\143\250\133\374}{subsection.5.6}% 23
\BOOKMARK [3][-]{subsubsection.5.6.2}{\376\377\136\224\165\050}{subsection.5.6}% 24
\BOOKMARK [1][-]{section.6}{\376\377\153\324\217\203\133\232\164\006}{}% 25
\BOOKMARK [2][-]{subsection.6.1}{\376\377\000R\000a\000u\000c\000h\153\324\217\203\133\232\164\006}{section.6}% 26
\BOOKMARK [2][-]{subsection.6.2}{\376\377\000H\000e\000s\000s\000i\000a\000n\153\324\217\203\133\232\164\006}{section.6}% 27
\BOOKMARK [2][-]{subsection.6.3}{\376\377\000L\000a\000p\000l\000a\000c\000i\000a\000n\153\324\217\203\133\232\164\006}{section.6}% 28
\BOOKMARK [2][-]{subsection.6.4}{\376\377\117\123\171\357\153\324\217\203\133\232\164\006}{section.6}% 29
\BOOKMARK [1][-]{section.7}{\376\377\000H\000o\000d\000g\000e\164\006\213\272\173\200\116\313}{}% 30
\BOOKMARK [2][-]{subsection.7.1}{\376\377\155\101\137\142\116\012\124\014\214\003}{section.7}% 31
\BOOKMARK [2][-]{subsection.7.2}{\376\377\000H\000o\000d\000g\000e\133\232\164\006\136\224\165\050}{section.7}% 32
\BOOKMARK [3][-]{subsubsection.7.2.1}{\376\377\214\003\124\214\137\142\137\017}{subsection.7.2}% 33
\BOOKMARK [3][-]{subsubsection.7.2.2}{\376\377\236\316\146\374\155\101\137\142\116\012\166\204\124\021\221\317\122\006\147\220\377\010\127\072\213\272\377\011}{subsection.7.2}% 34
\BOOKMARK [2][-]{subsection.7.3}{\376\377\000B\000o\000c\000h\000n\000e\000r\142\200\135\347}{section.7}% 35
\BOOKMARK [3][-]{subsubsection.7.3.1}{\376\377\173\054\116\000\162\171\137\201\120\074\117\060\213\241}{subsection.7.3}% 36
\BOOKMARK [3][-]{subsubsection.7.3.2}{\376\377\000B\000o\000c\000h\000n\000e\000r\000\040\000V\000a\000n\000i\000s\000h}{subsection.7.3}% 37
