\BOOKMARK [1][-]{section.1}{\376\377\0002\0000\0002\0003\000.\0000\0002\000.\0001\0006}{}% 1
\BOOKMARK [2][-]{subsection.1.1}{\376\377\116\000\116\233\133\232\116\111}{section.1}% 2
\BOOKMARK [2][-]{subsection.1.2}{\376\377\147\116\177\244\116\016\167\351\226\065\147\116\177\244}{section.1}% 3
\BOOKMARK [2][-]{subsection.1.3}{\376\377\164\003\227\142\116\012\166\204\147\116\177\244\176\323\147\204}{section.1}% 4
\BOOKMARK [1][-]{section.2}{\376\377\0002\0000\0002\0003\000.\0000\0002\000.\0002\0003}{}% 5
\BOOKMARK [2][-]{subsection.2.1}{\376\377\147\116\177\244\166\204\134\100\220\350\140\047\215\050}{section.2}% 6
\BOOKMARK [3][-]{subsubsection.2.1.1}{\376\377\123\125\117\115\121\103\220\273\127\337\165\037\142\020\217\336\220\032\133\120\177\244}{subsection.2.1}% 7
\BOOKMARK [3][-]{subsubsection.2.1.2}{\376\377\123\125\117\115\121\103\166\204\122\007\172\172\225\364\121\167\147\011\000L\000i\000e\116\343\145\160\176\323\147\204}{subsection.2.1}% 8
\BOOKMARK [3][-]{subsubsection.2.1.3}{\376\377\000H\000a\000l\000l\000-\000W\000i\000l\000t\140\122\173\111\137\017}{subsection.2.1}% 9
\BOOKMARK [2][-]{subsection.2.2}{\376\377\147\116\177\244\116\016\147\116\116\343\145\160\166\204\121\163\174\373\040\024\040\024\143\007\145\160\146\040\134\004}{section.2}% 10
\BOOKMARK [2][-]{subsection.2.3}{\376\377\167\351\226\065\147\116\177\244\166\204\140\047\215\050\116\016\147\116\116\343\145\160}{section.2}% 11
\BOOKMARK [1][-]{section.3}{\376\377\0002\0000\0002\0003\000.\0000\0003\000.\0000\0002}{}% 12
\BOOKMARK [2][-]{subsection.3.1}{\376\377\147\116\177\244\166\204\143\007\145\160\146\040\134\004}{section.3}% 13
\BOOKMARK [2][-]{subsection.3.2}{\376\377\143\007\145\160\146\040\134\004\166\204\140\047\215\050}{section.3}% 14
\BOOKMARK [1][-]{section.4}{\376\377\0002\0000\0002\0003\000.\0000\0003\000.\0000\0009}{}% 15
\BOOKMARK [2][-]{subsection.4.1}{\376\377\225\355\133\120\177\244\133\232\164\006\136\224\165\050}{section.4}% 16
\BOOKMARK [2][-]{subsection.4.2}{\376\377\147\116\177\244\124\014\140\001\124\214\147\116\116\343\145\160\124\014\140\001}{section.4}% 17
\BOOKMARK [2][-]{subsection.4.3}{\376\377\147\116\133\120\177\244\116\016\147\116\133\120\116\343\145\160}{section.4}% 18
\BOOKMARK [2][-]{subsection.4.4}{\376\377\147\116\166\204\127\372\147\054\133\232\164\006}{section.4}% 19
\BOOKMARK [1][-]{section.5}{\376\377\0002\0000\0002\0003\000.\0000\0003\000.\0001\0006}{}% 20
\BOOKMARK [2][-]{subsection.5.1}{\376\377\211\206\166\326\177\244\123\312\121\166\136\224\165\050}{section.5}% 21
\BOOKMARK [1][-]{section.6}{\376\377\0002\0000\0002\0003\000.\0000\0003\000.\0002\0003}{}% 22
\BOOKMARK [2][-]{subsection.6.1}{\376\377\147\116\177\244\166\204\127\372\147\054\177\244\154\102\154\325}{section.6}% 23
\BOOKMARK [2][-]{subsection.6.2}{\376\377\147\116\116\343\145\160\166\204\131\015\123\026\124\214\133\236\137\142\137\017}{section.6}% 24
\BOOKMARK [2][-]{subsection.6.3}{\376\377\131\015\155\101\137\142}{section.6}% 25
\BOOKMARK [2][-]{subsection.6.4}{\376\377\154\333\123\005\176\334\116\343\145\160}{section.6}% 26
\BOOKMARK [1][-]{section.7}{\376\377\0002\0000\0002\0003\000.\0003\000.\0003\0000}{}% 27
\BOOKMARK [2][-]{subsection.7.1}{\376\377\000U\000\050\000g\000\051}{section.7}% 28
\BOOKMARK [2][-]{subsection.7.2}{\376\377\116\343\145\160\177\244\124\214\147\116\177\244}{section.7}% 29
\BOOKMARK [2][-]{subsection.7.3}{\376\377\147\116\177\244\147\116\116\343\145\160\166\204\210\150\171\072}{section.7}% 30
\BOOKMARK [1][-]{section.8}{\376\377\0002\0000\0002\0003\000.\0000\0004\000.\0000\0006}{}% 31
\BOOKMARK [2][-]{subsection.8.1}{\376\377\147\116\116\343\145\160\166\204\210\150\171\072\124\214\147\116\116\343\145\160\152\041}{section.8}% 32
\BOOKMARK [1][-]{section.9}{\376\377\0002\0000\0002\0003\000.\0000\0004\000.\0001\0003}{}% 33
\BOOKMARK [2][-]{subsection.9.1}{\376\377\116\015\123\330\121\205\171\357\166\204\133\130\127\050\140\047}{section.9}% 34
\BOOKMARK [2][-]{subsection.9.2}{\376\377\116\000\116\052\117\213\133\120\000:\000S\000U\000\050\0002\000\051}{section.9}% 35
\BOOKMARK [1][-]{section.10}{\376\377\0002\0000\0002\0003\000.\0000\0004\000.\0002\0000}{}% 36
\BOOKMARK [1][-]{section.11}{\376\377\147\116\177\244\166\204\210\150\171\072}{}% 37
\BOOKMARK [2][-]{subsection.11.1}{\376\377\000S\000c\000h\000u\000r\153\143\116\244\123\026\133\232\164\006}{section.11}% 38
\BOOKMARK [2][-]{subsection.11.2}{\376\377\175\047\147\116\177\244\166\204\122\006\174\173}{section.11}% 39
